[35m[Appium][39m Welcome to Appium v1.21.0
[35m[Appium][39m Non-default server args:
[35m[Appium][39m   port: 61392
[35m[Appium][39m   loglevel: info
[35m[Appium][39m   tmpDir: C:\Users\ANDIKA~1\AppData\Local\Temp\\Katalon\Appium\Temp1629817006992
[35m[Appium][39m   chromedriverPort: 57348
[35m[Appium][39m Deprecated server args:
[35m[Appium][39m   [31m--chromedriver-port[39m => --default-capabilities
[35m[Appium][39m Default capabilities, which will be added to each request unless overridden by desired capabilities:
[35m[Appium][39m   chromedriverPort: 57348
[35m[Appium][39m Appium REST http interface listener started on 0.0.0.0:61392
[35m[HTTP][39m [37m-->[39m [37mGET[39m [37m/wd/hub/status[39m
[35m[HTTP][39m [90m{}[39m
[35m[HTTP][39m [37m<-- GET /wd/hub/status [39m[32m200[39m [90m7 ms - 68[39m
[35m[HTTP][39m [90m[39m
[35m[HTTP][39m [37m-->[39m [37mGET[39m [37m/wd/hub/status[39m
[35m[HTTP][39m [90m{}[39m
[35m[HTTP][39m [37m<-- GET /wd/hub/status [39m[32m200[39m [90m3 ms - 68[39m
[35m[HTTP][39m [90m[39m
[35m[HTTP][39m [37m-->[39m [37mPOST[39m [37m/wd/hub/session[39m
[35m[HTTP][39m [90m{"desiredCapabilities":{"app":"C:\\OttoAutomation\\Evermos.apk","noReset":true,"deviceName":"Xiaomi Redmi Note 8 Pro (Android 10)","fullReset":false,"platform":"ANDROID","newCommandTimeout":1800,"platformVersion":"10","automationName":"uiautomator2","autoGrantPermissions":true,"platformName":"Android","udid":"filvgqizde4djzhq","systemPort":63917},"capabilities":{"firstMatch":[{"appium:app":"C:\\OttoAutomation\\Evermos.apk","appium:autoGrantPermissions":true,"appium:automationName":"uiautomator2","appium:deviceName":"Xiaomi Redmi Note 8 Pro (Android 10)","appium:fullReset":false,"appium:newCommandTimeout":1800,"appium:noReset":true,"platform":"ANDROID","platformName":"android","appium:platformVersion":"10","appium:systemPort":63917,"appium:udid":"filvgqizde4djzhq"}]}}[39m
[35m[BaseDriver][39m The following capabilities are not standard capabilities and should have an extension prefix:
[35m[BaseDriver][39m   platform
[35m[BaseDriver][39m   chromedriverPort
[35m[Appium][39m Appium v1.21.0 creating new AndroidUiautomator2Driver (v1.65.0) session
[35m[BaseDriver][39m The following capabilities were provided, but are not recognized by Appium:
[35m[BaseDriver][39m   platform
[35m[BaseDriver][39m Session created with session id: a7ef9a4b-f738-414b-b396-58e7ab3793c8
[35m[BaseDriver][39m Using local app 'C:\OttoAutomation\Evermos.apk'
[35m[ADB][39m Found 1 'build-tools' folders under 'C:\Users\Andika Prananto\.katalon\tools\android_sdk' (newest first):
[35m[ADB][39m     C:/Users/Andika Prananto/.katalon/tools/android_sdk/build-tools/29.0.3
[35m[ADB][39m Using 'adb.exe' from 'C:\Users\Andika Prananto\.katalon\tools\android_sdk\platform-tools\adb.exe'
[35m[AndroidDriver][39m Retrieving device list
[35m[AndroidDriver][39m Using device: filvgqizde4djzhq
[35m[ADB][39m Using 'adb.exe' from 'C:\Users\Andika Prananto\.katalon\tools\android_sdk\platform-tools\adb.exe'
[35m[ADB][39m Getting device platform version
[35m[UiAutomator2][39m Relaxing hidden api policy
[35m[ADB][39m Package name: 'evermos.evermos.com.evermos'
[35m[ADB][39m Main activity name: 'evermos.evermos.com.evermos.view.SplashActivity'
[35m[ADB][39m Using 'apksigner.jar' from 'C:\Users\Andika Prananto\.katalon\tools\android_sdk\build-tools\29.0.3\lib\apksigner.jar'
[35m[ADB][39m 'C:\Users\Andika Prananto\AppData\Roaming\npm\node_modules\appium\node_modules\appium-uiautomator2-server\apks\appium-uiautomator2-server-v4.21.1.apk' is signed with the default certificate
[35m[ADB][39m 'C:\Users\Andika Prananto\AppData\Roaming\npm\node_modules\appium\node_modules\appium-uiautomator2-server\apks\appium-uiautomator2-server-debug-androidTest.apk' is signed with the default certificate
[35m[UiAutomator2][39m Server packages are not going to be (re)installed
[35m[ADB][39m Adding packages ["io.appium.settings","io.appium.uiautomator2.server","io.appium.uiautomator2.server.test"] to Doze whitelist
[35m[ADB][39m 'C:\OttoAutomation\Evermos.apk' is signed with a non-default certificate
[35m[UiAutomator2][39m Starting UIAutomator2 server 4.21.1
[35m[UiAutomator2][39m Using UIAutomator2 server from 'C:\Users\Andika Prananto\AppData\Roaming\npm\node_modules\appium\node_modules\appium-uiautomator2-server\apks\appium-uiautomator2-server-v4.21.1.apk' and test from 'C:\Users\Andika Prananto\AppData\Roaming\npm\node_modules\appium\node_modules\appium-uiautomator2-server\apks\appium-uiautomator2-server-debug-androidTest.apk'
[35m[UiAutomator2][39m Waiting up to 30000ms for UiAutomator2 to be online...
[35m[WD Proxy][39m socket hang up
[35m[WD Proxy][39m socket hang up
[35m[WD Proxy][39m Determined the downstream protocol as 'W3C'
[35m[AndroidDriver][39m Screen already unlocked, doing nothing
[35m[UiAutomator2][39m Starting 'evermos.evermos.com.evermos/evermos.evermos.com.evermos.view.SplashActivity and waiting for 'evermos.evermos.com.evermos/evermos.evermos.com.evermos.view.SplashActivity'
[35m[Appium][39m New AndroidUiautomator2Driver session created successfully, session a7ef9a4b-f738-414b-b396-58e7ab3793c8 added to master session list
[35m[HTTP][39m [37m<-- POST /wd/hub/session [39m[32m200[39m [90m13472 ms - 1258[39m
[35m[HTTP][39m [90m[39m
[35m[HTTP][39m [37m-->[39m [37mGET[39m [37m/wd/hub/session/a7ef9a4b-f738-414b-b396-58e7ab3793c8[39m
[35m[HTTP][39m [90m{}[39m
[35m[HTTP][39m [37m<-- GET /wd/hub/session/a7ef9a4b-f738-414b-b396-58e7ab3793c8 [39m[32m200[39m [90m21 ms - 1212[39m
[35m[HTTP][39m [90m[39m
[35m[HTTP][39m [37m-->[39m [37mGET[39m [37m/wd/hub/session/a7ef9a4b-f738-414b-b396-58e7ab3793c8[39m
[35m[HTTP][39m [90m{}[39m
[35m[HTTP][39m [37m<-- GET /wd/hub/session/a7ef9a4b-f738-414b-b396-58e7ab3793c8 [39m[32m200[39m [90m15 ms - 1212[39m
[35m[HTTP][39m [90m[39m
[35m[HTTP][39m [37m-->[39m [37mGET[39m [37m/wd/hub/status[39m
[35m[HTTP][39m [90m{}[39m
[35m[HTTP][39m [37m<-- GET /wd/hub/status [39m[32m200[39m [90m2 ms - 68[39m
[35m[HTTP][39m [90m[39m
[35m[HTTP][39m [37m-->[39m [37mPOST[39m [37m/wd/hub/session/a7ef9a4b-f738-414b-b396-58e7ab3793c8/timeouts[39m
[35m[HTTP][39m [90m{"implicit":60000}[39m
[35m[HTTP][39m [37m<-- POST /wd/hub/session/a7ef9a4b-f738-414b-b396-58e7ab3793c8/timeouts [39m[32m200[39m [90m5 ms - 14[39m
[35m[HTTP][39m [90m[39m
[35m[HTTP][39m [37m-->[39m [37mGET[39m [37m/wd/hub/session/a7ef9a4b-f738-414b-b396-58e7ab3793c8/source[39m
[35m[HTTP][39m [90m{}[39m
[35m[W3C (a7ef9a4b)][39m Driver proxy active, passing request on via HTTP proxy
[35m[WD Proxy][39m Replacing sessionId 80bee3bd-4acc-4245-b739-b37619cc910e with a7ef9a4b-f738-414b-b396-58e7ab3793c8
[35m[HTTP][39m [37m<-- GET /wd/hub/session/a7ef9a4b-f738-414b-b396-58e7ab3793c8/source [39m[32m200[39m [90m848 ms - 16048[39m
[35m[HTTP][39m [90m[39m
[35m[HTTP][39m [37m-->[39m [37mGET[39m [37m/wd/hub/session/a7ef9a4b-f738-414b-b396-58e7ab3793c8/screenshot[39m
[35m[HTTP][39m [90m{}[39m
[35m[HTTP][39m [37m<-- GET /wd/hub/session/a7ef9a4b-f738-414b-b396-58e7ab3793c8/screenshot [39m[32m200[39m [90m385 ms - 226484[39m
[35m[HTTP][39m [90m[39m
[35m[HTTP][39m [37m-->[39m [37mGET[39m [37m/wd/hub/session/a7ef9a4b-f738-414b-b396-58e7ab3793c8/source[39m
[35m[HTTP][39m [90m{}[39m
[35m[W3C (a7ef9a4b)][39m Driver proxy active, passing request on via HTTP proxy
[35m[WD Proxy][39m Replacing sessionId 80bee3bd-4acc-4245-b739-b37619cc910e with a7ef9a4b-f738-414b-b396-58e7ab3793c8
[35m[HTTP][39m [37m<-- GET /wd/hub/session/a7ef9a4b-f738-414b-b396-58e7ab3793c8/source [39m[32m200[39m [90m380 ms - 22294[39m
[35m[HTTP][39m [90m[39m
[35m[HTTP][39m [37m-->[39m [37mGET[39m [37m/wd/hub/session/a7ef9a4b-f738-414b-b396-58e7ab3793c8/screenshot[39m
[35m[HTTP][39m [90m{}[39m
[35m[HTTP][39m [37m<-- GET /wd/hub/session/a7ef9a4b-f738-414b-b396-58e7ab3793c8/screenshot [39m[32m200[39m [90m571 ms - 215712[39m
[35m[HTTP][39m [90m[39m
[35m[HTTP][39m [37m-->[39m [37mDELETE[39m [37m/wd/hub/session/a7ef9a4b-f738-414b-b396-58e7ab3793c8[39m
[35m[HTTP][39m [90m{}[39m
[35m[Appium][39m Removing session a7ef9a4b-f738-414b-b396-58e7ab3793c8 from our master session list
[35m[UiAutomator2][39m Restoring hidden api policy to the device default configuration
[35m[HTTP][39m [37m<-- DELETE /wd/hub/session/a7ef9a4b-f738-414b-b396-58e7ab3793c8 [39m[32m200[39m [90m351 ms - 14[39m
[35m[HTTP][39m [90m[39m
